  [1m[35m (15.9ms)[0m  [1m[35mCREATE TABLE "schema_migrations" ("version" character varying NOT NULL PRIMARY KEY)[0m
  [1m[35m (13.1ms)[0m  [1m[35mCREATE TABLE "ar_internal_metadata" ("key" character varying NOT NULL PRIMARY KEY, "value" character varying, "created_at" timestamp NOT NULL, "updated_at" timestamp NOT NULL)[0m
  [1m[35m (0.3ms)[0m  [1m[34mSELECT pg_try_advisory_lock(7864839756650184315)[0m
  [1m[35m (0.5ms)[0m  [1m[34mSELECT "schema_migrations"."version" FROM "schema_migrations" ORDER BY "schema_migrations"."version" ASC[0m
Migrating to DeviseCreateUsers (20171211143852)
  [1m[35m (0.2ms)[0m  [1m[35mBEGIN[0m
  [1m[35m (8.2ms)[0m  [1m[35mCREATE TABLE "users" ("id" bigserial primary key, "email" character varying DEFAULT '' NOT NULL, "encrypted_password" character varying DEFAULT '' NOT NULL, "reset_password_token" character varying, "reset_password_sent_at" timestamp, "remember_created_at" timestamp, "sign_in_count" integer DEFAULT 0 NOT NULL, "current_sign_in_at" timestamp, "last_sign_in_at" timestamp, "current_sign_in_ip" character varying, "last_sign_in_ip" character varying, "created_at" timestamp NOT NULL, "updated_at" timestamp NOT NULL)[0m
  [1m[35m (3.7ms)[0m  [1m[35mCREATE UNIQUE INDEX  "index_users_on_email" ON "users"  ("email")[0m
  [1m[35m (3.9ms)[0m  [1m[35mCREATE UNIQUE INDEX  "index_users_on_reset_password_token" ON "users"  ("reset_password_token")[0m
  [1m[35mSQL (0.9ms)[0m  [1m[32mINSERT INTO "schema_migrations" ("version") VALUES ($1) RETURNING "version"[0m  [["version", "20171211143852"]]
  [1m[35m (3.2ms)[0m  [1m[35mCOMMIT[0m
Migrating to CreateRecipes (20171211144518)
  [1m[35m (0.3ms)[0m  [1m[35mBEGIN[0m
  [1m[35m (16.1ms)[0m  [1m[35mCREATE TABLE "recipes" ("id" bigserial primary key, "ingredient_list" text, "instruction_list" text, "user_id" integer, "created_at" timestamp NOT NULL, "updated_at" timestamp NOT NULL)[0m
  [1m[35mSQL (0.4ms)[0m  [1m[32mINSERT INTO "schema_migrations" ("version") VALUES ($1) RETURNING "version"[0m  [["version", "20171211144518"]]
  [1m[35m (3.0ms)[0m  [1m[35mCOMMIT[0m
Migrating to AddValuesToRecipes (20171211154528)
  [1m[35m (0.3ms)[0m  [1m[35mBEGIN[0m
  [1m[35m (0.7ms)[0m  [1m[35mALTER TABLE "recipes" ADD "name" character varying[0m
  [1m[35m (0.5ms)[0m  [1m[35mALTER TABLE "recipes" ADD "description" text[0m
  [1m[35m (0.5ms)[0m  [1m[35mALTER TABLE "recipes" ADD "image" character varying[0m
  [1m[35mSQL (0.4ms)[0m  [1m[32mINSERT INTO "schema_migrations" ("version") VALUES ($1) RETURNING "version"[0m  [["version", "20171211154528"]]
  [1m[35m (2.8ms)[0m  [1m[35mCOMMIT[0m
Migrating to CreateComments (20171213025645)
  [1m[35m (0.2ms)[0m  [1m[35mBEGIN[0m
  [1m[35m (12.4ms)[0m  [1m[35mCREATE TABLE "comments" ("id" bigserial primary key, "comment_entry" text, "recipe_id" integer, "created_at" timestamp NOT NULL, "updated_at" timestamp NOT NULL)[0m
  [1m[35mSQL (0.3ms)[0m  [1m[32mINSERT INTO "schema_migrations" ("version") VALUES ($1) RETURNING "version"[0m  [["version", "20171213025645"]]
  [1m[35m (1.8ms)[0m  [1m[35mCOMMIT[0m
Migrating to AddUserRefToComments (20171213031507)
  [1m[35m (0.1ms)[0m  [1m[35mBEGIN[0m
  [1m[35m (0.3ms)[0m  [1m[35mALTER TABLE "comments" ADD "user_id" integer[0m
  [1m[35mSQL (0.3ms)[0m  [1m[32mINSERT INTO "schema_migrations" ("version") VALUES ($1) RETURNING "version"[0m  [["version", "20171213031507"]]
  [1m[35m (1.6ms)[0m  [1m[35mCOMMIT[0m
Migrating to AddCommentableToComments (20171213031956)
  [1m[35m (0.2ms)[0m  [1m[35mBEGIN[0m
  [1m[35m (0.4ms)[0m  [1m[35mALTER TABLE "comments" ADD "commentable_type" character varying[0m
  [1m[35m (0.3ms)[0m  [1m[35mALTER TABLE "comments" ADD "commentable_id" integer[0m
  [1m[35mSQL (0.3ms)[0m  [1m[32mINSERT INTO "schema_migrations" ("version") VALUES ($1) RETURNING "version"[0m  [["version", "20171213031956"]]
  [1m[35m (1.7ms)[0m  [1m[35mCOMMIT[0m
Migrating to AddRoleToUser (20171214011639)
  [1m[35m (0.1ms)[0m  [1m[35mBEGIN[0m
  [1m[35m (0.3ms)[0m  [1m[35mALTER TABLE "users" ADD "role" character varying[0m
  [1m[35mSQL (0.2ms)[0m  [1m[32mINSERT INTO "schema_migrations" ("version") VALUES ($1) RETURNING "version"[0m  [["version", "20171214011639"]]
  [1m[35m (2.6ms)[0m  [1m[35mCOMMIT[0m
Migrating to AddUserNameToUsers (20171214023100)
  [1m[35m (0.1ms)[0m  [1m[35mBEGIN[0m
  [1m[35m (0.3ms)[0m  [1m[35mALTER TABLE "users" ADD "user_name" character varying[0m
  [1m[35mSQL (0.2ms)[0m  [1m[32mINSERT INTO "schema_migrations" ("version") VALUES ($1) RETURNING "version"[0m  [["version", "20171214023100"]]
  [1m[35m (1.6ms)[0m  [1m[35mCOMMIT[0m
Migrating to AddNameToUsers (20171214024757)
  [1m[35m (0.1ms)[0m  [1m[35mBEGIN[0m
  [1m[35m (0.3ms)[0m  [1m[35mALTER TABLE "users" ADD "name" character varying[0m
  [1m[35mSQL (0.2ms)[0m  [1m[32mINSERT INTO "schema_migrations" ("version") VALUES ($1) RETURNING "version"[0m  [["version", "20171214024757"]]
  [1m[35m (1.6ms)[0m  [1m[35mCOMMIT[0m
Migrating to CreateCategories (20171215143320)
  [1m[35m (0.1ms)[0m  [1m[35mBEGIN[0m
  [1m[35m (7.7ms)[0m  [1m[35mCREATE TABLE "categories" ("id" bigserial primary key, "name" character varying, "created_at" timestamp NOT NULL, "updated_at" timestamp NOT NULL)[0m
  [1m[35mSQL (0.2ms)[0m  [1m[32mINSERT INTO "schema_migrations" ("version") VALUES ($1) RETURNING "version"[0m  [["version", "20171215143320"]]
  [1m[35m (1.7ms)[0m  [1m[35mCOMMIT[0m
Migrating to AddCategoryToRecipes (20171215143430)
  [1m[35m (0.2ms)[0m  [1m[35mBEGIN[0m
  [1m[35m (0.3ms)[0m  [1m[35mALTER TABLE "recipes" ADD "category_id" integer[0m
  [1m[35mSQL (0.2ms)[0m  [1m[32mINSERT INTO "schema_migrations" ("version") VALUES ($1) RETURNING "version"[0m  [["version", "20171215143430"]]
  [1m[35m (1.6ms)[0m  [1m[35mCOMMIT[0m
Migrating to AddUserIdToCategories (20171215164725)
  [1m[35m (0.2ms)[0m  [1m[35mBEGIN[0m
  [1m[35m (0.3ms)[0m  [1m[35mALTER TABLE "categories" ADD "user_id" integer[0m
  [1m[35mSQL (0.3ms)[0m  [1m[32mINSERT INTO "schema_migrations" ("version") VALUES ($1) RETURNING "version"[0m  [["version", "20171215164725"]]
  [1m[35m (1.6ms)[0m  [1m[35mCOMMIT[0m
Migrating to RemoveValuesFromComments (20171215185343)
  [1m[35m (0.2ms)[0m  [1m[35mBEGIN[0m
  [1m[35m (0.4ms)[0m  [1m[35mALTER TABLE "comments" DROP "commentable_type"[0m
  [1m[35m (0.3ms)[0m  [1m[35mALTER TABLE "comments" DROP "commentable_id"[0m
  [1m[35mSQL (0.3ms)[0m  [1m[32mINSERT INTO "schema_migrations" ("version") VALUES ($1) RETURNING "version"[0m  [["version", "20171215185343"]]
  [1m[35m (1.6ms)[0m  [1m[35mCOMMIT[0m
Migrating to CreateReviews (20171216021627)
  [1m[35m (0.1ms)[0m  [1m[35mBEGIN[0m
  [1m[35m (6.6ms)[0m  [1m[35mCREATE TABLE "reviews" ("id" bigserial primary key, "rating" integer, "created_at" timestamp NOT NULL, "updated_at" timestamp NOT NULL)[0m
  [1m[35mSQL (0.3ms)[0m  [1m[32mINSERT INTO "schema_migrations" ("version") VALUES ($1) RETURNING "version"[0m  [["version", "20171216021627"]]
  [1m[35m (2.7ms)[0m  [1m[35mCOMMIT[0m
Migrating to AddUserToReviews (20171216022125)
  [1m[35m (0.2ms)[0m  [1m[35mBEGIN[0m
  [1m[35m (0.4ms)[0m  [1m[35mALTER TABLE "reviews" ADD "user_id" integer[0m
  [1m[35mSQL (0.2ms)[0m  [1m[32mINSERT INTO "schema_migrations" ("version") VALUES ($1) RETURNING "version"[0m  [["version", "20171216022125"]]
  [1m[35m (2.6ms)[0m  [1m[35mCOMMIT[0m
Migrating to AddRecipeToReview (20171216023223)
  [1m[35m (0.1ms)[0m  [1m[35mBEGIN[0m
  [1m[35m (0.3ms)[0m  [1m[35mALTER TABLE "reviews" ADD "recipe_id" integer[0m
  [1m[35mSQL (0.3ms)[0m  [1m[32mINSERT INTO "schema_migrations" ("version") VALUES ($1) RETURNING "version"[0m  [["version", "20171216023223"]]
  [1m[35m (2.5ms)[0m  [1m[35mCOMMIT[0m
  [1m[36mActiveRecord::InternalMetadata Load (0.4ms)[0m  [1m[34mSELECT  "ar_internal_metadata".* FROM "ar_internal_metadata" WHERE "ar_internal_metadata"."key" = $1 LIMIT $2[0m  [["key", "environment"], ["LIMIT", 1]]
  [1m[35m (0.1ms)[0m  [1m[35mBEGIN[0m
  [1m[35mSQL (0.5ms)[0m  [1m[32mINSERT INTO "ar_internal_metadata" ("key", "value", "created_at", "updated_at") VALUES ($1, $2, $3, $4) RETURNING "key"[0m  [["key", "environment"], ["value", "development"], ["created_at", "2018-01-01 00:42:23.574985"], ["updated_at", "2018-01-01 00:42:23.574985"]]
  [1m[35m (2.6ms)[0m  [1m[35mCOMMIT[0m
  [1m[35m (0.3ms)[0m  [1m[34mSELECT pg_advisory_unlock(7864839756650184315)[0m
  [1m[35m (0.3ms)[0m  [1m[34mSELECT "schema_migrations"."version" FROM "schema_migrations" ORDER BY "schema_migrations"."version" ASC[0m
Started GET "/" for 127.0.0.1 at 2018-01-01 00:42:44 -0500
  [1m[35m (0.6ms)[0m  [1m[34mSELECT "schema_migrations"."version" FROM "schema_migrations" ORDER BY "schema_migrations"."version" ASC[0m
Processing by RecipesController#index as HTML
  Rendering recipes/index.html.erb within layouts/application
  [1m[36mRecipe Load (0.4ms)[0m  [1m[34mSELECT  "recipes".* FROM "recipes" LIMIT $1 OFFSET $2[0m  [["LIMIT", 8], ["OFFSET", 0]]
  Rendered recipes/index.html.erb within layouts/application (6.3ms)
  Rendered layouts/_nav.html.erb (8.8ms)
Completed 200 OK in 4007ms (Views: 3963.3ms | ActiveRecord: 2.0ms)


Started GET "/recipes" for 127.0.0.1 at 2018-01-01 00:42:52 -0500
Processing by RecipesController#index as HTML
  Rendering recipes/index.html.erb within layouts/application
  [1m[36mRecipe Load (0.3ms)[0m  [1m[34mSELECT  "recipes".* FROM "recipes" LIMIT $1 OFFSET $2[0m  [["LIMIT", 8], ["OFFSET", 0]]
  Rendered recipes/index.html.erb within layouts/application (3.8ms)
  Rendered layouts/_nav.html.erb (1.7ms)
Completed 200 OK in 45ms (Views: 43.0ms | ActiveRecord: 0.3ms)


Started GET "/users/sign_in" for 127.0.0.1 at 2018-01-01 00:42:55 -0500

SyntaxError - syntax error, unexpected '{', expecting keyword_end
...ion only: [:create, :destroy] { request.env["devise.skip_tim...
...                              ^
/home/brian/.rvm/gems/ruby-2.5.0/gems/devise-4.3.0/app/controllers/devise/sessions_controller.rb:5: syntax error, unexpected '}', expecting keyword_end
..."devise.skip_timeout"] = true }
...                              ^:

Started GET "/users/sign_in" for 127.0.0.1 at 2018-01-01 00:42:56 -0500

SyntaxError - syntax error, unexpected '{', expecting keyword_end
...ion only: [:create, :destroy] { request.env["devise.skip_tim...
...                              ^
/home/brian/.rvm/gems/ruby-2.5.0/gems/devise-4.3.0/app/controllers/devise/sessions_controller.rb:5: syntax error, unexpected '}', expecting keyword_end
..."devise.skip_timeout"] = true }
...                              ^:

Started GET "/users/sign_in" for 127.0.0.1 at 2018-01-01 00:43:43 -0500

SyntaxError - syntax error, unexpected '{', expecting keyword_end
...ion only: [:create, :destroy] { request.env["devise.skip_tim...
...                              ^
/home/brian/.rvm/gems/ruby-2.5.0/gems/devise-4.3.0/app/controllers/devise/sessions_controller.rb:5: syntax error, unexpected '}', expecting keyword_end
..."devise.skip_timeout"] = true }
...                              ^:

  [1m[35m (0.8ms)[0m  [1m[34mSELECT "schema_migrations"."version" FROM "schema_migrations" ORDER BY "schema_migrations"."version" ASC[0m
  [1m[35m (0.3ms)[0m  [1m[34mSELECT "ar_internal_metadata"."value" FROM "ar_internal_metadata" WHERE "ar_internal_metadata"."key" = $1[0m  [["key", "environment"]]
  [1m[35m (0.4ms)[0m  [1m[34mSELECT "schema_migrations"."version" FROM "schema_migrations" ORDER BY "schema_migrations"."version" ASC[0m
  [1m[35m (0.3ms)[0m  [1m[34mSELECT "ar_internal_metadata"."value" FROM "ar_internal_metadata" WHERE "ar_internal_metadata"."key" = $1[0m  [["key", "environment"]]
  [1m[35m (0.3ms)[0m  [1m[34mSELECT "schema_migrations"."version" FROM "schema_migrations" ORDER BY "schema_migrations"."version" ASC[0m
  [1m[35m (0.2ms)[0m  [1m[34mSELECT "ar_internal_metadata"."value" FROM "ar_internal_metadata" WHERE "ar_internal_metadata"."key" = $1[0m  [["key", "environment"]]
  [1m[35m (106.9ms)[0m  [1m[35mDROP DATABASE IF EXISTS "myapp_development"[0m
  [1m[35m (106.8ms)[0m  [1m[35mDROP DATABASE IF EXISTS "myapp_test"[0m
  [1m[35m (241.0ms)[0m  [1m[35mCREATE DATABASE "myapp_development" ENCODING = 'unicode'[0m
  [1m[35m (252.5ms)[0m  [1m[35mCREATE DATABASE "myapp_test" ENCODING = 'unicode'[0m
  [1m[35m (14.6ms)[0m  [1m[35mCREATE TABLE "schema_migrations" ("version" character varying NOT NULL PRIMARY KEY)[0m
  [1m[35m (14.2ms)[0m  [1m[35mCREATE TABLE "ar_internal_metadata" ("key" character varying NOT NULL PRIMARY KEY, "value" character varying, "created_at" timestamp NOT NULL, "updated_at" timestamp NOT NULL)[0m
  [1m[35m (0.2ms)[0m  [1m[34mSELECT pg_try_advisory_lock(7864839756650184315)[0m
  [1m[35m (0.7ms)[0m  [1m[34mSELECT "schema_migrations"."version" FROM "schema_migrations" ORDER BY "schema_migrations"."version" ASC[0m
Migrating to DeviseCreateUsers (20171211143852)
  [1m[35m (0.1ms)[0m  [1m[35mBEGIN[0m
  [1m[35m (10.0ms)[0m  [1m[35mCREATE TABLE "users" ("id" bigserial primary key, "email" character varying DEFAULT '' NOT NULL, "encrypted_password" character varying DEFAULT '' NOT NULL, "reset_password_token" character varying, "reset_password_sent_at" timestamp, "remember_created_at" timestamp, "sign_in_count" integer DEFAULT 0 NOT NULL, "current_sign_in_at" timestamp, "last_sign_in_at" timestamp, "current_sign_in_ip" character varying, "last_sign_in_ip" character varying, "created_at" timestamp NOT NULL, "updated_at" timestamp NOT NULL)[0m
  [1m[35m (3.8ms)[0m  [1m[35mCREATE UNIQUE INDEX  "index_users_on_email" ON "users"  ("email")[0m
  [1m[35m (3.7ms)[0m  [1m[35mCREATE UNIQUE INDEX  "index_users_on_reset_password_token" ON "users"  ("reset_password_token")[0m
  [1m[35mSQL (0.6ms)[0m  [1m[32mINSERT INTO "schema_migrations" ("version") VALUES ($1) RETURNING "version"[0m  [["version", "20171211143852"]]
  [1m[35m (2.1ms)[0m  [1m[35mCOMMIT[0m
Migrating to CreateRecipes (20171211144518)
  [1m[35m (0.2ms)[0m  [1m[35mBEGIN[0m
  [1m[35m (10.5ms)[0m  [1m[35mCREATE TABLE "recipes" ("id" bigserial primary key, "ingredient_list" text, "instruction_list" text, "user_id" integer, "created_at" timestamp NOT NULL, "updated_at" timestamp NOT NULL)[0m
  [1m[35mSQL (0.3ms)[0m  [1m[32mINSERT INTO "schema_migrations" ("version") VALUES ($1) RETURNING "version"[0m  [["version", "20171211144518"]]
  [1m[35m (2.7ms)[0m  [1m[35mCOMMIT[0m
Migrating to AddValuesToRecipes (20171211154528)
  [1m[35m (0.2ms)[0m  [1m[35mBEGIN[0m
  [1m[35m (0.4ms)[0m  [1m[35mALTER TABLE "recipes" ADD "name" character varying[0m
  [1m[35m (0.3ms)[0m  [1m[35mALTER TABLE "recipes" ADD "description" text[0m
  [1m[35m (0.2ms)[0m  [1m[35mALTER TABLE "recipes" ADD "image" character varying[0m
  [1m[35mSQL (0.3ms)[0m  [1m[32mINSERT INTO "schema_migrations" ("version") VALUES ($1) RETURNING "version"[0m  [["version", "20171211154528"]]
  [1m[35m (2.7ms)[0m  [1m[35mCOMMIT[0m
Migrating to CreateComments (20171213025645)
  [1m[35m (0.2ms)[0m  [1m[35mBEGIN[0m
  [1m[35m (12.7ms)[0m  [1m[35mCREATE TABLE "comments" ("id" bigserial primary key, "comment_entry" text, "recipe_id" integer, "created_at" timestamp NOT NULL, "updated_at" timestamp NOT NULL)[0m
  [1m[35mSQL (0.4ms)[0m  [1m[32mINSERT INTO "schema_migrations" ("version") VALUES ($1) RETURNING "version"[0m  [["version", "20171213025645"]]
  [1m[35m (2.7ms)[0m  [1m[35mCOMMIT[0m
Migrating to AddUserRefToComments (20171213031507)
  [1m[35m (0.2ms)[0m  [1m[35mBEGIN[0m
  [1m[35m (0.3ms)[0m  [1m[35mALTER TABLE "comments" ADD "user_id" integer[0m
  [1m[35mSQL (0.3ms)[0m  [1m[32mINSERT INTO "schema_migrations" ("version") VALUES ($1) RETURNING "version"[0m  [["version", "20171213031507"]]
  [1m[35m (2.7ms)[0m  [1m[35mCOMMIT[0m
Migrating to AddCommentableToComments (20171213031956)
  [1m[35m (0.2ms)[0m  [1m[35mBEGIN[0m
  [1m[35m (0.4ms)[0m  [1m[35mALTER TABLE "comments" ADD "commentable_type" character varying[0m
  [1m[35m (0.3ms)[0m  [1m[35mALTER TABLE "comments" ADD "commentable_id" integer[0m
  [1m[35mSQL (0.4ms)[0m  [1m[32mINSERT INTO "schema_migrations" ("version") VALUES ($1) RETURNING "version"[0m  [["version", "20171213031956"]]
  [1m[35m (2.6ms)[0m  [1m[35mCOMMIT[0m
Migrating to AddRoleToUser (20171214011639)
  [1m[35m (0.2ms)[0m  [1m[35mBEGIN[0m
  [1m[35m (0.5ms)[0m  [1m[35mALTER TABLE "users" ADD "role" character varying[0m
  [1m[35mSQL (0.4ms)[0m  [1m[32mINSERT INTO "schema_migrations" ("version") VALUES ($1) RETURNING "version"[0m  [["version", "20171214011639"]]
  [1m[35m (2.8ms)[0m  [1m[35mCOMMIT[0m
Migrating to AddUserNameToUsers (20171214023100)
  [1m[35m (0.2ms)[0m  [1m[35mBEGIN[0m
  [1m[35m (0.5ms)[0m  [1m[35mALTER TABLE "users" ADD "user_name" character varying[0m
  [1m[35mSQL (0.5ms)[0m  [1m[32mINSERT INTO "schema_migrations" ("version") VALUES ($1) RETURNING "version"[0m  [["version", "20171214023100"]]
  [1m[35m (2.7ms)[0m  [1m[35mCOMMIT[0m
Migrating to AddNameToUsers (20171214024757)
  [1m[35m (0.2ms)[0m  [1m[35mBEGIN[0m
  [1m[35m (0.4ms)[0m  [1m[35mALTER TABLE "users" ADD "name" character varying[0m
  [1m[35mSQL (0.3ms)[0m  [1m[32mINSERT INTO "schema_migrations" ("version") VALUES ($1) RETURNING "version"[0m  [["version", "20171214024757"]]
  [1m[35m (1.7ms)[0m  [1m[35mCOMMIT[0m
Migrating to CreateCategories (20171215143320)
  [1m[35m (0.2ms)[0m  [1m[35mBEGIN[0m
  [1m[35m (8.6ms)[0m  [1m[35mCREATE TABLE "categories" ("id" bigserial primary key, "name" character varying, "created_at" timestamp NOT NULL, "updated_at" timestamp NOT NULL)[0m
  [1m[35mSQL (0.3ms)[0m  [1m[32mINSERT INTO "schema_migrations" ("version") VALUES ($1) RETURNING "version"[0m  [["version", "20171215143320"]]
  [1m[35m (1.9ms)[0m  [1m[35mCOMMIT[0m
Migrating to AddCategoryToRecipes (20171215143430)
  [1m[35m (0.2ms)[0m  [1m[35mBEGIN[0m
  [1m[35m (0.5ms)[0m  [1m[35mALTER TABLE "recipes" ADD "category_id" integer[0m
  [1m[35mSQL (0.3ms)[0m  [1m[32mINSERT INTO "schema_migrations" ("version") VALUES ($1) RETURNING "version"[0m  [["version", "20171215143430"]]
  [1m[35m (1.7ms)[0m  [1m[35mCOMMIT[0m
Migrating to AddUserIdToCategories (20171215164725)
  [1m[35m (0.2ms)[0m  [1m[35mBEGIN[0m
  [1m[35m (0.4ms)[0m  [1m[35mALTER TABLE "categories" ADD "user_id" integer[0m
  [1m[35mSQL (0.3ms)[0m  [1m[32mINSERT INTO "schema_migrations" ("version") VALUES ($1) RETURNING "version"[0m  [["version", "20171215164725"]]
  [1m[35m (1.7ms)[0m  [1m[35mCOMMIT[0m
Migrating to RemoveValuesFromComments (20171215185343)
  [1m[35m (0.2ms)[0m  [1m[35mBEGIN[0m
  [1m[35m (0.6ms)[0m  [1m[35mALTER TABLE "comments" DROP "commentable_type"[0m
  [1m[35m (0.4ms)[0m  [1m[35mALTER TABLE "comments" DROP "commentable_id"[0m
  [1m[35mSQL (0.4ms)[0m  [1m[32mINSERT INTO "schema_migrations" ("version") VALUES ($1) RETURNING "version"[0m  [["version", "20171215185343"]]
  [1m[35m (1.7ms)[0m  [1m[35mCOMMIT[0m
Migrating to CreateReviews (20171216021627)
  [1m[35m (0.3ms)[0m  [1m[35mBEGIN[0m
  [1m[35m (5.2ms)[0m  [1m[35mCREATE TABLE "reviews" ("id" bigserial primary key, "rating" integer, "created_at" timestamp NOT NULL, "updated_at" timestamp NOT NULL)[0m
  [1m[35mSQL (0.4ms)[0m  [1m[32mINSERT INTO "schema_migrations" ("version") VALUES ($1) RETURNING "version"[0m  [["version", "20171216021627"]]
  [1m[35m (1.8ms)[0m  [1m[35mCOMMIT[0m
Migrating to AddUserToReviews (20171216022125)
  [1m[35m (0.2ms)[0m  [1m[35mBEGIN[0m
  [1m[35m (0.4ms)[0m  [1m[35mALTER TABLE "reviews" ADD "user_id" integer[0m
  [1m[35mSQL (0.3ms)[0m  [1m[32mINSERT INTO "schema_migrations" ("version") VALUES ($1) RETURNING "version"[0m  [["version", "20171216022125"]]
  [1m[35m (2.8ms)[0m  [1m[35mCOMMIT[0m
Migrating to AddRecipeToReview (20171216023223)
  [1m[35m (0.2ms)[0m  [1m[35mBEGIN[0m
  [1m[35m (0.4ms)[0m  [1m[35mALTER TABLE "reviews" ADD "recipe_id" integer[0m
  [1m[35mSQL (0.3ms)[0m  [1m[32mINSERT INTO "schema_migrations" ("version") VALUES ($1) RETURNING "version"[0m  [["version", "20171216023223"]]
  [1m[35m (2.6ms)[0m  [1m[35mCOMMIT[0m
  [1m[36mActiveRecord::InternalMetadata Load (0.4ms)[0m  [1m[34mSELECT  "ar_internal_metadata".* FROM "ar_internal_metadata" WHERE "ar_internal_metadata"."key" = $1 LIMIT $2[0m  [["key", "environment"], ["LIMIT", 1]]
  [1m[35m (0.2ms)[0m  [1m[35mBEGIN[0m
  [1m[35mSQL (0.5ms)[0m  [1m[32mINSERT INTO "ar_internal_metadata" ("key", "value", "created_at", "updated_at") VALUES ($1, $2, $3, $4) RETURNING "key"[0m  [["key", "environment"], ["value", "development"], ["created_at", "2018-01-01 02:48:22.188023"], ["updated_at", "2018-01-01 02:48:22.188023"]]
  [1m[35m (2.8ms)[0m  [1m[35mCOMMIT[0m
  [1m[35m (0.2ms)[0m  [1m[34mSELECT pg_advisory_unlock(7864839756650184315)[0m
  [1m[35m (0.3ms)[0m  [1m[34mSELECT "schema_migrations"."version" FROM "schema_migrations" ORDER BY "schema_migrations"."version" ASC[0m
  [1m[36mRecipe Load (0.6ms)[0m  [1m[34mSELECT  "recipes".* FROM "recipes" ORDER BY "recipes"."id" ASC LIMIT $1[0m  [["LIMIT", 1]]
  [1m[36mUser Load (5.8ms)[0m  [1m[34mSELECT  "users".* FROM "users" ORDER BY "users"."id" ASC LIMIT $1[0m  [["LIMIT", 1]]
  [1m[36mRecipe Load (1.0ms)[0m  [1m[34mSELECT  "recipes".* FROM "recipes" ORDER BY "recipes"."id" ASC LIMIT $1[0m  [["LIMIT", 1]]
